2026-01-11T10:48:50 | touched: src/lib.rs
2025-09-26T19:32:55 | touched: Cargo.toml
2025-03-27T06:48:28 | touched: Cargo.toml
2025-01-20T20:13:57 | touched: Cargo.toml
2025-10-11T09:28:15 | touched: Cargo.toml
2025-11-07T02:45:07 | touched: src/main.rs
2025-07-12T07:08:56 | touched: src/main.rs
2025-09-28T08:49:46 | touched: src/main.rs
2025-05-15T07:22:34 | touched: README.md
2025-01-20T16:08:34 | touched: README.md
2025-10-11T07:15:29 | touched: Cargo.toml
2025-10-05T03:31:05 | touched: README.md
2025-05-28T21:56:47 | touched: Cargo.toml
2025-01-11T12:43:17 | touched: src/main.rs
2025-12-19T10:11:42 | touched: LICENSE
2025-04-16T10:41:12 | touched: LICENSE
2025-07-03T18:13:02 | touched: Cargo.toml
2025-12-27T23:24:17 | touched: src/main.rs
2025-02-15T09:01:00 | touched: Cargo.toml
2025-12-13T17:10:48 | touched: src/lib.rs
2025-07-17T08:52:36 | touched: README.md
2025-08-23T14:42:29 | touched: LICENSE
2025-11-07T14:44:03 | touched: README.md
2025-09-24T11:29:55 | touched: src/lib.rs
2025-02-26T11:23:24 | touched: README.md
2025-10-30T14:53:46 | touched: LICENSE
2025-12-15T20:31:42 | touched: README.md
2025-10-24T00:07:07 | touched: LICENSE
2025-04-14T11:16:28 | touched: src/main.rs
